 
[2020-08-07 19:35:34,843] codev-01/WARNING/locust.main: System open file limit setting is not high enough for load testing, and the OS wouldnt allow locust to increase it by itself. See https://docs.locust.io/en/stable/installation.html#increasing-maximum-number-of-open-files-limit for more info.
[2020-08-07 19:35:34,843] codev-01/INFO/locust.main: Starting web interface at http://0.0.0.0:8089
[2020-08-07 19:35:34,852] codev-01/INFO/locust.main: Starting Locust 1.1.1
[2020-08-07 19:37:38,807] codev-01/INFO/locust.main: Got SIGTERM signal
[2020-08-07 19:37:38,807] codev-01/INFO/locust.main: Running teardowns...
[2020-08-07 19:37:38,807] codev-01/INFO/locust.main: Shutting down (exit code 0), bye.
[2020-08-07 19:37:38,807] codev-01/INFO/locust.main: Cleaning up runner...
[2020-08-07 19:38:08,681] codev-01/WARNING/locust.main: System open file limit setting is not high enough for load testing, and the OS wouldnt allow locust to increase it by itself. See https://docs.locust.io/en/stable/installation.html#increasing-maximum-number-of-open-files-limit for more info.
[2020-08-07 19:38:08,682] codev-01/INFO/locust.main: Starting web interface at http://0.0.0.0:8089
[2020-08-07 19:38:08,689] codev-01/INFO/locust.main: Starting Locust 1.1.1
[2020-08-07 19:38:18,565] codev-01/INFO/locust.runners: Hatching and swarming 50 users at the rate 5 users/s (0 users already running)...
[2020-08-07 19:38:28,423] codev-01/INFO/locust.runners: All users hatched: QuickstartUser: 50 (0 already running)
[2020-08-07 19:38:49,470] codev-01/INFO/locust.main: Got SIGTERM signal
[2020-08-07 19:38:49,470] codev-01/INFO/locust.main: Running teardowns...
[2020-08-07 19:38:49,471] codev-01/INFO/locust.main: Shutting down (exit code 1), bye.
[2020-08-07 19:38:49,471] codev-01/INFO/locust.main: Cleaning up runner...
[2020-08-07 19:39:14,123] codev-01/WARNING/locust.main: System open file limit setting is not high enough for load testing, and the OS wouldnt allow locust to increase it by itself. See https://docs.locust.io/en/stable/installation.html#increasing-maximum-number-of-open-files-limit for more info.
[2020-08-07 19:39:14,123] codev-01/INFO/locust.main: Starting web interface at http://0.0.0.0:8089
[2020-08-07 19:39:14,130] codev-01/INFO/locust.main: Starting Locust 1.1.1
[2020-08-07 19:39:33,040] codev-01/INFO/locust.runners: Hatching and swarming 50 users at the rate 5 users/s (0 users already running)...
[2020-08-07 19:39:42,897] codev-01/INFO/locust.runners: All users hatched: QuickstartUser: 50 (0 already running)
[2020-08-07 19:40:55,480] codev-01/INFO/locust.main: Got SIGTERM signal
[2020-08-07 19:40:55,480] codev-01/INFO/locust.main: Running teardowns...
[2020-08-07 19:40:55,480] codev-01/INFO/locust.main: Shutting down (exit code 1), bye.
[2020-08-07 19:40:55,480] codev-01/INFO/locust.main: Cleaning up runner...
[2020-08-07 19:41:02,236] codev-01/WARNING/locust.main: System open file limit setting is not high enough for load testing, and the OS wouldnt allow locust to increase it by itself. See https://docs.locust.io/en/stable/installation.html#increasing-maximum-number-of-open-files-limit for more info.
[2020-08-07 19:41:02,236] codev-01/INFO/locust.main: Starting web interface at http://0.0.0.0:8089
[2020-08-07 19:41:02,244] codev-01/INFO/locust.main: Starting Locust 1.1.1
[2020-08-07 19:41:22,158] codev-01/INFO/locust.runners: Hatching and swarming 50 users at the rate 5 users/s (0 users already running)...
[2020-08-07 19:41:32,011] codev-01/INFO/locust.runners: All users hatched: QuickstartUser: 50 (0 already running)
[2020-08-07 19:43:09,092] codev-01/INFO/locust.main: Got SIGTERM signal
[2020-08-07 19:43:09,093] codev-01/INFO/locust.main: Running teardowns...
[2020-08-07 19:43:09,093] codev-01/INFO/locust.main: Shutting down (exit code 1), bye.
[2020-08-07 19:43:09,093] codev-01/INFO/locust.main: Cleaning up runner...
[2020-08-07 19:43:14,891] codev-01/WARNING/locust.main: System open file limit setting is not high enough for load testing, and the OS wouldnt allow locust to increase it by itself. See https://docs.locust.io/en/stable/installation.html#increasing-maximum-number-of-open-files-limit for more info.
[2020-08-07 19:43:14,891] codev-01/INFO/locust.main: Starting web interface at http://0.0.0.0:8089
[2020-08-07 19:43:14,899] codev-01/INFO/locust.main: Starting Locust 1.1.1
[2020-08-07 19:43:36,747] codev-01/INFO/locust.runners: Hatching and swarming 50 users at the rate 5 users/s (0 users already running)...
[2020-08-07 19:43:46,600] codev-01/INFO/locust.runners: All users hatched: QuickstartUser: 50 (0 already running)
[2020-08-07 19:48:37,147] codev-01/INFO/locust.main: Got SIGTERM signal
[2020-08-07 19:48:37,147] codev-01/INFO/locust.main: Running teardowns...
[2020-08-07 19:48:37,147] codev-01/INFO/locust.main: Shutting down (exit code 1), bye.
[2020-08-07 19:48:37,147] codev-01/INFO/locust.main: Cleaning up runner...
[2020-08-07 19:48:40,678] codev-01/WARNING/locust.main: System open file limit setting is not high enough for load testing, and the OS wouldnt allow locust to increase it by itself. See https://docs.locust.io/en/stable/installation.html#increasing-maximum-number-of-open-files-limit for more info.
[2020-08-07 19:48:40,678] codev-01/INFO/locust.main: Starting web interface at http://0.0.0.0:8089
[2020-08-07 19:48:40,686] codev-01/INFO/locust.main: Starting Locust 1.1.1
[2020-08-07 19:48:54,913] codev-01/INFO/locust.runners: Hatching and swarming 50 users at the rate 5 users/s (0 users already running)...
[2020-08-07 19:49:04,762] codev-01/INFO/locust.runners: All users hatched: QuickstartUser: 50 (0 already running)
[2020-08-07 19:49:15,082] codev-01/INFO/locust.main: Got SIGTERM signal
[2020-08-07 19:49:15,082] codev-01/INFO/locust.main: Running teardowns...
[2020-08-07 19:49:15,083] codev-01/INFO/locust.main: Shutting down (exit code 1), bye.
[2020-08-07 19:49:15,083] codev-01/INFO/locust.main: Cleaning up runner...
[2020-08-07 19:50:04,820] codev-01/WARNING/locust.main: System open file limit setting is not high enough for load testing, and the OS wouldnt allow locust to increase it by itself. See https://docs.locust.io/en/stable/installation.html#increasing-maximum-number-of-open-files-limit for more info.
[2020-08-07 19:50:04,820] codev-01/INFO/locust.main: Starting web interface at http://0.0.0.0:8089
[2020-08-07 19:50:04,827] codev-01/INFO/locust.main: Starting Locust 1.1.1
[2020-08-07 19:50:30,542] codev-01/INFO/locust.main: Got SIGTERM signal
[2020-08-07 19:50:30,543] codev-01/INFO/locust.main: Running teardowns...
[2020-08-07 19:50:30,543] codev-01/INFO/locust.main: Shutting down (exit code 0), bye.
[2020-08-07 19:50:30,543] codev-01/INFO/locust.main: Cleaning up runner...
[2020-08-07 19:50:33,374] codev-01/WARNING/locust.main: System open file limit setting is not high enough for load testing, and the OS wouldnt allow locust to increase it by itself. See https://docs.locust.io/en/stable/installation.html#increasing-maximum-number-of-open-files-limit for more info.
[2020-08-07 19:50:33,375] codev-01/INFO/locust.main: Starting web interface at http://0.0.0.0:8089
[2020-08-07 19:50:33,382] codev-01/INFO/locust.main: Starting Locust 1.1.1
[2020-08-07 19:50:57,751] codev-01/INFO/locust.runners: Hatching and swarming 50 users at the rate 5 users/s (0 users already running)...
[2020-08-07 19:51:07,606] codev-01/INFO/locust.runners: All users hatched: QuickstartUser: 50 (0 already running)
[2020-08-07 19:51:23,415] codev-01/INFO/locust.main: Got SIGTERM signal
[2020-08-07 19:51:23,415] codev-01/INFO/locust.main: Running teardowns...
[2020-08-07 19:51:23,415] codev-01/INFO/locust.main: Shutting down (exit code 1), bye.
[2020-08-07 19:51:23,416] codev-01/INFO/locust.main: Cleaning up runner...
